WARNING: This is a development server. Do not use it in a production deployment. Use a production WSGI server instead.
 * Running on all addresses (0.0.0.0)
 * Running on http://127.0.0.1:5000
 * Running on http://10.231.209.67:5000
Press CTRL+C to quit
 * Restarting with stat
 * Debugger is active!
 * Debugger PIN: 131-223-459
 * Detected change in 'C:\\Users\\cheth\\Downloads\\project-bolt-sb1-4c1adrga\\project\\backend\\app.py', reloading
 * Restarting with stat
 * Debugger is active!
 * Debugger PIN: 131-223-459
 * Detected change in 'C:\\Users\\cheth\\Downloads\\project-bolt-sb1-4c1adrga\\project\\backend\\app.py', reloading
 * Restarting with stat
 * Debugger is active!
 * Debugger PIN: 131-223-459
 * Detected change in 'C:\\Users\\cheth\\Downloads\\project-bolt-sb1-4c1adrga\\project\\backend\\app.py', reloading
 * Restarting with stat
 * Debugger is active!
 * Debugger PIN: 131-223-459
